c:\users\ılgaz\desktop\ceng213-the1-tester-maın\ceng 213\melıkşah\melıkşah\release\vc142.pdb
c:\users\ılgaz\desktop\ceng213-the1-tester-maın\ceng 213\melıkşah\melıkşah\release\melıkşah.obj
c:\users\ılgaz\desktop\ceng213-the1-tester-maın\ceng 213\melıkşah\melıkşah\release\hashutıls.obj
c:\users\ılgaz\desktop\ceng213-the1-tester-maın\ceng 213\melıkşah\melıkşah\release\proje.obj
c:\users\ılgaz\desktop\ceng213-the1-tester-maın\ceng 213\melıkşah\melıkşah\release\melıkşah.exe
c:\users\ılgaz\desktop\ceng213-the1-tester-maın\ceng 213\melıkşah\melıkşah\release\melıkşah.pdb
c:\users\ilgaz\desktop\ceng213-the1-tester-main\ceng 213\melikşah\melikşah\release\melikşah.ipdb
c:\users\ilgaz\desktop\ceng213-the1-tester-main\ceng 213\melikşah\melikşah\release\melikşah.iobj
c:\users\ilgaz\desktop\ceng213-the1-tester-main\ceng 213\melikşah\melikşah\release\hashutils.obj
c:\users\ilgaz\desktop\ceng213-the1-tester-main\ceng 213\melikşah\melikşah\release\melikşah.obj
c:\users\ilgaz\desktop\ceng213-the1-tester-main\ceng 213\melikşah\melikşah\release\proje.obj
c:\users\ilgaz\desktop\ceng213-the1-tester-main\ceng 213\melikşah\melikşah\release\melikşah.pdb
c:\users\ilgaz\desktop\ceng213-the1-tester-main\ceng 213\melikşah\melikşah\release\vc142.pdb
c:\users\ilgaz\desktop\ceng213-the1-tester-main\ceng 213\melikşah\melikşah\release\melikşah.tlog\cl.command.1.tlog
c:\users\ilgaz\desktop\ceng213-the1-tester-main\ceng 213\melikşah\melikşah\release\melikşah.tlog\cl.read.1.tlog
c:\users\ilgaz\desktop\ceng213-the1-tester-main\ceng 213\melikşah\melikşah\release\melikşah.tlog\cl.write.1.tlog
c:\users\ilgaz\desktop\ceng213-the1-tester-main\ceng 213\melikşah\melikşah\release\melikşah.tlog\link.command.1.tlog
c:\users\ilgaz\desktop\ceng213-the1-tester-main\ceng 213\melikşah\melikşah\release\melikşah.tlog\link.read.1.tlog
c:\users\ilgaz\desktop\ceng213-the1-tester-main\ceng 213\melikşah\melikşah\release\melikşah.tlog\link.write.1.tlog
c:\users\ilgaz\desktop\ceng213-the1-tester-main\ceng 213\melikşah\melikşah\release\melikşah.tlog\melikşah.write.1u.tlog
